# JRE version: OpenJDK Runtime Environment (11.0.12+7) (build 11.0.12+7-b1504.28-7817840)
# Java VM: OpenJDK 64-Bit Server VM (11.0.12+7-b1504.28-7817840, mixed mode, tiered, compressed oops, g1 gc, windows-amd64)
Heap:
 garbage-first heap   total 225280K, used 178250K [0x0000000080000000, 0x0000000100000000)
  region size 1024K, 42 young (43008K), 6 survivors (6144K)
 Metaspace       used 139807K, capacity 144238K, committed 146300K, reserved 1175552K
  class space    used 17564K, capacity 19189K, committed 19404K, reserved 1048576K
GC Heap History (20 events):
Event: 1080.582 GC heap before
{Heap before GC invocations=129 (full 0):
 garbage-first heap   total 225280K, used 180700K [0x0000000080000000, 0x0000000100000000)
  region size 1024K, 48 young (49152K), 1 survivors (1024K)
 Metaspace       used 136596K, capacity 140818K, committed 142716K, reserved 1173504K
  class space    used 17277K, capacity 18836K, committed 19148K, reserved 1048576K
}
Event: 1080.589 GC heap after
{Heap after GC invocations=130 (full 0):
 garbage-first heap   total 225280K, used 133965K [0x0000000080000000, 0x0000000100000000)
  region size 1024K, 2 young (2048K), 2 survivors (2048K)
 Metaspace       used 136596K, capacity 140818K, committed 142716K, reserved 1173504K
  class space    used 17277K, capacity 18836K, committed 19148K, reserved 1048576K
}
Event: 1082.916 GC heap before
{Heap before GC invocations=131 (full 0):
 garbage-first heap   total 225280K, used 190285K [0x0000000080000000, 0x0000000100000000)
  region size 1024K, 50 young (51200K), 2 survivors (2048K)
 Metaspace       used 136883K, capacity 141128K, committed 142716K, reserved 1173504K
  class space    used 17300K, capacity 18877K, committed 19148K, reserved 1048576K
}
Event: 1082.927 GC heap after
{Heap after GC invocations=132 (full 0):
 garbage-first heap   total 225280K, used 142557K [0x0000000080000000, 0x0000000100000000)
  region size 1024K, 7 young (7168K), 7 survivors (7168K)
 Metaspace       used 136883K, capacity 141128K, committed 142716K, reserved 1173504K
  class space    used 17300K, capacity 18877K, committed 19148K, reserved 1048576K
}
Event: 1083.102 GC heap before
{Heap before GC invocations=132 (full 0):
 garbage-first heap   total 225280K, used 145629K [0x0000000080000000, 0x0000000100000000)
  region size 1024K, 11 young (11264K), 7 survivors (7168K)
 Metaspace       used 137797K, capacity 142024K, committed 142716K, reserved 1173504K
  class space    used 17376K, capacity 18941K, committed 19148K, reserved 1048576K
}
Event: 1083.116 GC heap after
{Heap after GC invocations=133 (full 0):
 garbage-first heap   total 225280K, used 140338K [0x0000000080000000, 0x0000000100000000)
  region size 1024K, 1 young (1024K), 1 survivors (1024K)
 Metaspace       used 137797K, capacity 142024K, committed 142716K, reserved 1173504K
  class space    used 17376K, capacity 18941K, committed 19148K, reserved 1048576K
}
Event: 1083.175 GC heap before
{Heap before GC invocations=133 (full 0):
 garbage-first heap   total 225280K, used 141362K [0x0000000080000000, 0x0000000100000000)
  region size 1024K, 3 young (3072K), 1 survivors (1024K)
 Metaspace       used 137816K, capacity 142024K, committed 142716K, reserved 1173504K
  class space    used 17380K, capacity 18941K, committed 19148K, reserved 1048576K
}
Event: 1083.180 GC heap after
{Heap after GC invocations=134 (full 0):
 garbage-first heap   total 225280K, used 140930K [0x0000000080000000, 0x0000000100000000)
  region size 1024K, 2 young (2048K), 2 survivors (2048K)
 Metaspace       used 137816K, capacity 142024K, committed 142716K, reserved 1173504K
  class space    used 17380K, capacity 18941K, committed 19148K, reserved 1048576K
}
Event: 1093.727 GC heap before
{Heap before GC invocations=135 (full 0):
 garbage-first heap   total 225280K, used 187010K [0x0000000080000000, 0x0000000100000000)
  region size 1024K, 45 young (46080K), 2 survivors (2048K)
 Metaspace       used 138801K, capacity 143033K, committed 143228K, reserved 1173504K
  class space    used 17407K, capacity 18973K, committed 19148K, reserved 1048576K
}
Event: 1093.734 GC heap after
{Heap after GC invocations=136 (full 0):
 garbage-first heap   total 225280K, used 140216K [0x0000000080000000, 0x0000000100000000)
  region size 1024K, 1 young (1024K), 1 survivors (1024K)
 Metaspace       used 138801K, capacity 143033K, committed 143228K, reserved 1173504K
  class space    used 17407K, capacity 18973K, committed 19148K, reserved 1048576K
}
Event: 1094.135 GC heap before
{Heap before GC invocations=136 (full 0):
 garbage-first heap   total 225280K, used 149432K [0x0000000080000000, 0x0000000100000000)
  region size 1024K, 11 young (11264K), 1 survivors (1024K)
 Metaspace       used 139125K, capacity 143341K, committed 143484K, reserved 1173504K
  class space    used 17434K, capacity 19011K, committed 19148K, reserved 1048576K
}
Event: 1094.145 GC heap after
{Heap after GC invocations=137 (full 0):
 garbage-first heap   total 225280K, used 140896K [0x0000000080000000, 0x0000000100000000)
  region size 1024K, 2 young (2048K), 2 survivors (2048K)
 Metaspace       used 139125K, capacity 143341K, committed 143484K, reserved 1173504K
  class space    used 17434K, capacity 19011K, committed 19148K, reserved 1048576K
}
Event: 1094.716 GC heap before
{Heap before GC invocations=137 (full 0):
 garbage-first heap   total 225280K, used 149088K [0x0000000080000000, 0x0000000100000000)
  region size 1024K, 11 young (11264K), 2 survivors (2048K)
 Metaspace       used 139614K, capacity 143854K, committed 143996K, reserved 1173504K
  class space    used 17489K, capacity 19074K, committed 19148K, reserved 1048576K
}
Event: 1094.731 GC heap after
{Heap after GC invocations=138 (full 0):
 garbage-first heap   total 225280K, used 142030K [0x0000000080000000, 0x0000000100000000)
  region size 1024K, 4 young (4096K), 4 survivors (4096K)
 Metaspace       used 139614K, capacity 143854K, committed 143996K, reserved 1173504K
  class space    used 17489K, capacity 19074K, committed 19148K, reserved 1048576K
}
Event: 1097.159 GC heap before
{Heap before GC invocations=139 (full 0):
 garbage-first heap   total 225280K, used 179918K [0x0000000080000000, 0x0000000100000000)
  region size 1024K, 39 young (39936K), 4 survivors (4096K)
 Metaspace       used 140828K, capacity 145148K, committed 145404K, reserved 1175552K
  class space    used 17622K, capacity 19226K, committed 19276K, reserved 1048576K
}
Event: 1097.171 GC heap after
{Heap after GC invocations=140 (full 0):
 garbage-first heap   total 225280K, used 143758K [0x0000000080000000, 0x0000000100000000)
  region size 1024K, 2 young (2048K), 2 survivors (2048K)
 Metaspace       used 140828K, capacity 145148K, committed 145404K, reserved 1175552K
  class space    used 17622K, capacity 19226K, committed 19276K, reserved 1048576K
}
Event: 1097.299 GC heap before
{Heap before GC invocations=140 (full 0):
 garbage-first heap   total 225280K, used 156046K [0x0000000080000000, 0x0000000100000000)
  region size 1024K, 11 young (11264K), 2 survivors (2048K)
 Metaspace       used 140842K, capacity 145218K, committed 145404K, reserved 1175552K
  class space    used 17623K, capacity 19227K, committed 19276K, reserved 1048576K
}
Event: 1097.317 GC heap after
{Heap after GC invocations=141 (full 0):
 garbage-first heap   total 225280K, used 133719K [0x0000000080000000, 0x0000000100000000)
  region size 1024K, 1 young (1024K), 1 survivors (1024K)
 Metaspace       used 140842K, capacity 145218K, committed 145404K, reserved 1175552K
  class space    used 17623K, capacity 19227K, committed 19276K, reserved 1048576K
}
Event: 1097.676 GC heap before
{Heap before GC invocations=141 (full 0):
 garbage-first heap   total 225280K, used 177751K [0x0000000080000000, 0x0000000100000000)
  region size 1024K, 45 young (46080K), 1 survivors (1024K)
 Metaspace       used 141360K, capacity 145797K, committed 146044K, reserved 1175552K
  class space    used 17677K, capacity 19310K, committed 19404K, reserved 1048576K
}
Event: 1097.713 GC heap after
{Heap after GC invocations=142 (full 0):
 garbage-first heap   total 225280K, used 143434K [0x0000000080000000, 0x0000000100000000)
  region size 1024K, 6 young (6144K), 6 survivors (6144K)
 Metaspace       used 141360K, capacity 145797K, committed 146044K, reserved 1175552K
  class space    used 17677K, capacity 19310K, committed 19404K, reserved 1048576K
}

