# JRE version: OpenJDK Runtime Environment (11.0.12+7) (build 11.0.12+7-b1504.28-7817840)
# Java VM: OpenJDK 64-Bit Server VM (11.0.12+7-b1504.28-7817840, mixed mode, tiered, compressed oops, g1 gc, windows-amd64)
Heap:
 garbage-first heap   total 275456K, used 143262K [0x0000000080000000, 0x0000000100000000)
  region size 1024K, 1 young (1024K), 1 survivors (1024K)
 Metaspace       used 136029K, capacity 140159K, committed 140656K, reserved 1171456K
  class space    used 17008K, capacity 18555K, committed 18764K, reserved 1048576K
GC Heap History (20 events):
Event: 337.920 GC heap after
{Heap after GC invocations=92 (full 0):
 garbage-first heap   total 190464K, used 136182K [0x0000000080000000, 0x0000000100000000)
  region size 1024K, 1 young (1024K), 1 survivors (1024K)
 Metaspace       used 123743K, capacity 127145K, committed 127344K, reserved 1161216K
  class space    used 15310K, capacity 16592K, committed 16716K, reserved 1048576K
}
Event: 338.344 GC heap before
{Heap before GC invocations=92 (full 0):
 garbage-first heap   total 190464K, used 161782K [0x0000000080000000, 0x0000000100000000)
  region size 1024K, 23 young (23552K), 1 survivors (1024K)
 Metaspace       used 124676K, capacity 128121K, committed 128496K, reserved 1161216K
  class space    used 15454K, capacity 16712K, committed 16844K, reserved 1048576K
}
Event: 338.349 GC heap after
{Heap after GC invocations=93 (full 0):
 garbage-first heap   total 190464K, used 138569K [0x0000000080000000, 0x0000000100000000)
  region size 1024K, 3 young (3072K), 3 survivors (3072K)
 Metaspace       used 124676K, capacity 128121K, committed 128496K, reserved 1161216K
  class space    used 15454K, capacity 16712K, committed 16844K, reserved 1048576K
}
Event: 338.782 GC heap before
{Heap before GC invocations=94 (full 0):
 garbage-first heap   total 190464K, used 159049K [0x0000000080000000, 0x0000000100000000)
  region size 1024K, 24 young (24576K), 3 survivors (3072K)
 Metaspace       used 127725K, capacity 131371K, committed 131568K, reserved 1163264K
  class space    used 15907K, capacity 17261K, committed 17356K, reserved 1048576K
}
Event: 338.794 GC heap after
{Heap after GC invocations=95 (full 0):
 garbage-first heap   total 190464K, used 142930K [0x0000000080000000, 0x0000000100000000)
  region size 1024K, 3 young (3072K), 3 survivors (3072K)
 Metaspace       used 127725K, capacity 131371K, committed 131568K, reserved 1163264K
  class space    used 15907K, capacity 17261K, committed 17356K, reserved 1048576K
}
Event: 338.829 GC heap before
{Heap before GC invocations=95 (full 0):
 garbage-first heap   total 190464K, used 149074K [0x0000000080000000, 0x0000000100000000)
  region size 1024K, 9 young (9216K), 3 survivors (3072K)
 Metaspace       used 127829K, capacity 131450K, committed 131568K, reserved 1163264K
  class space    used 15921K, capacity 17266K, committed 17356K, reserved 1048576K
}
Event: 338.859 GC heap after
{Heap after GC invocations=96 (full 0):
 garbage-first heap   total 190464K, used 139315K [0x0000000080000000, 0x0000000100000000)
  region size 1024K, 2 young (2048K), 2 survivors (2048K)
 Metaspace       used 127829K, capacity 131450K, committed 131568K, reserved 1163264K
  class space    used 15921K, capacity 17266K, committed 17356K, reserved 1048576K
}
Event: 338.993 GC heap before
{Heap before GC invocations=96 (full 0):
 garbage-first heap   total 190464K, used 157747K [0x0000000080000000, 0x0000000100000000)
  region size 1024K, 21 young (21504K), 2 survivors (2048K)
 Metaspace       used 129247K, capacity 132926K, committed 133104K, reserved 1165312K
  class space    used 16123K, capacity 17502K, committed 17612K, reserved 1048576K
}
Event: 339.011 GC heap after
{Heap after GC invocations=97 (full 0):
 garbage-first heap   total 190464K, used 144384K [0x0000000080000000, 0x0000000100000000)
  region size 1024K, 3 young (3072K), 3 survivors (3072K)
 Metaspace       used 129247K, capacity 132926K, committed 133104K, reserved 1165312K
  class space    used 16123K, capacity 17502K, committed 17612K, reserved 1048576K
}
Event: 339.303 GC heap before
{Heap before GC invocations=97 (full 0):
 garbage-first heap   total 190464K, used 159744K [0x0000000080000000, 0x0000000100000000)
  region size 1024K, 19 young (19456K), 3 survivors (3072K)
 Metaspace       used 130809K, capacity 134732K, committed 135024K, reserved 1167360K
  class space    used 16388K, capacity 17870K, committed 17996K, reserved 1048576K
}
Event: 339.317 GC heap after
{Heap after GC invocations=98 (full 0):
 garbage-first heap   total 190464K, used 147068K [0x0000000080000000, 0x0000000100000000)
  region size 1024K, 3 young (3072K), 3 survivors (3072K)
 Metaspace       used 130809K, capacity 134732K, committed 135024K, reserved 1167360K
  class space    used 16388K, capacity 17870K, committed 17996K, reserved 1048576K
}
Event: 339.705 GC heap before
{Heap before GC invocations=99 (full 0):
 garbage-first heap   total 190464K, used 160380K [0x0000000080000000, 0x0000000100000000)
  region size 1024K, 17 young (17408K), 3 survivors (3072K)
 Metaspace       used 133158K, capacity 137142K, committed 137456K, reserved 1169408K
  class space    used 16750K, capacity 18268K, committed 18380K, reserved 1048576K
}
Event: 339.715 GC heap after
{Heap after GC invocations=100 (full 0):
 garbage-first heap   total 229376K, used 147754K [0x0000000080000000, 0x0000000100000000)
  region size 1024K, 1 young (1024K), 1 survivors (1024K)
 Metaspace       used 133158K, capacity 137142K, committed 137456K, reserved 1169408K
  class space    used 16750K, capacity 18268K, committed 18380K, reserved 1048576K
}
Event: 339.882 GC heap before
{Heap before GC invocations=100 (full 0):
 garbage-first heap   total 229376K, used 157994K [0x0000000080000000, 0x0000000100000000)
  region size 1024K, 11 young (11264K), 1 survivors (1024K)
 Metaspace       used 133773K, capacity 137832K, committed 137968K, reserved 1169408K
  class space    used 16835K, capacity 18369K, committed 18380K, reserved 1048576K
}
Event: 339.895 GC heap after
{Heap after GC invocations=101 (full 0):
 garbage-first heap   total 229376K, used 143810K [0x0000000080000000, 0x0000000100000000)
  region size 1024K, 1 young (1024K), 1 survivors (1024K)
 Metaspace       used 133773K, capacity 137832K, committed 137968K, reserved 1169408K
  class space    used 16835K, capacity 18369K, committed 18380K, reserved 1048576K
}
Event: 340.585 GC heap before
{Heap before GC invocations=101 (full 0):
 garbage-first heap   total 229376K, used 175554K [0x0000000080000000, 0x0000000100000000)
  region size 1024K, 33 young (33792K), 1 survivors (1024K)
 Metaspace       used 135657K, capacity 139950K, committed 140144K, reserved 1171456K
  class space    used 17093K, capacity 18719K, committed 18764K, reserved 1048576K
}
Event: 340.596 GC heap after
{Heap after GC invocations=102 (full 0):
 garbage-first heap   total 229376K, used 145005K [0x0000000080000000, 0x0000000100000000)
  region size 1024K, 2 young (2048K), 2 survivors (2048K)
 Metaspace       used 135657K, capacity 139950K, committed 140144K, reserved 1171456K
  class space    used 17093K, capacity 18719K, committed 18764K, reserved 1048576K
}
Event: 341.704 GC heap before
{Heap before GC invocations=103 (full 0):
 garbage-first heap   total 229376K, used 178797K [0x0000000080000000, 0x0000000100000000)
  region size 1024K, 36 young (36864K), 2 survivors (2048K)
 Metaspace       used 135943K, capacity 140015K, committed 140656K, reserved 1171456K
  class space    used 17007K, capacity 18555K, committed 18764K, reserved 1048576K
}
Event: 341.715 GC heap after
{Heap after GC invocations=104 (full 0):
 garbage-first heap   total 229376K, used 146114K [0x0000000080000000, 0x0000000100000000)
  region size 1024K, 3 young (3072K), 3 survivors (3072K)
 Metaspace       used 135943K, capacity 140015K, committed 140656K, reserved 1171456K
  class space    used 17007K, capacity 18555K, committed 18764K, reserved 1048576K
}
Event: 341.887 GC heap before
{Heap before GC invocations=104 (full 0):
 garbage-first heap   total 229376K, used 153282K [0x0000000080000000, 0x0000000100000000)
  region size 1024K, 11 young (11264K), 3 survivors (3072K)
 Metaspace       used 136029K, capacity 140159K, committed 140656K, reserved 1171456K
  class space    used 17008K, capacity 18555K, committed 18764K, reserved 1048576K
}

