# JRE version: OpenJDK Runtime Environment (11.0.12+7) (build 11.0.12+7-b1504.28-7817840)
# Java VM: OpenJDK 64-Bit Server VM (11.0.12+7-b1504.28-7817840, mixed mode, tiered, compressed oops, g1 gc, windows-amd64)
Heap:
 garbage-first heap   total 225280K, used 181320K [0x0000000080000000, 0x0000000100000000)
  region size 1024K, 60 young (61440K), 4 survivors (4096K)
 Metaspace       used 111212K, capacity 114405K, committed 115416K, reserved 1148928K
  class space    used 14443K, capacity 15665K, committed 16088K, reserved 1048576K
GC Heap History (20 events):
Event: 40.303 GC heap before
{Heap before GC invocations=37 (full 0):
 garbage-first heap   total 155648K, used 128140K [0x0000000080000000, 0x0000000100000000)
  region size 1024K, 39 young (39936K), 3 survivors (3072K)
 Metaspace       used 93689K, capacity 95889K, committed 96344K, reserved 1132544K
  class space    used 12156K, capacity 12958K, committed 13144K, reserved 1048576K
}
Event: 40.316 GC heap after
{Heap after GC invocations=38 (full 0):
 garbage-first heap   total 155648K, used 94033K [0x0000000080000000, 0x0000000100000000)
  region size 1024K, 5 young (5120K), 5 survivors (5120K)
 Metaspace       used 93689K, capacity 95889K, committed 96344K, reserved 1132544K
  class space    used 12156K, capacity 12958K, committed 13144K, reserved 1048576K
}
Event: 41.093 GC heap before
{Heap before GC invocations=39 (full 0):
 garbage-first heap   total 155648K, used 127825K [0x0000000080000000, 0x0000000100000000)
  region size 1024K, 39 young (39936K), 5 survivors (5120K)
 Metaspace       used 94180K, capacity 96439K, committed 96984K, reserved 1132544K
  class space    used 12192K, capacity 13033K, committed 13272K, reserved 1048576K
}
Event: 41.109 GC heap after
{Heap after GC invocations=40 (full 0):
 garbage-first heap   total 187392K, used 96156K [0x0000000080000000, 0x0000000100000000)
  region size 1024K, 3 young (3072K), 3 survivors (3072K)
 Metaspace       used 94180K, capacity 96439K, committed 96984K, reserved 1132544K
  class space    used 12192K, capacity 13033K, committed 13272K, reserved 1048576K
}
Event: 41.884 GC heap before
{Heap before GC invocations=40 (full 0):
 garbage-first heap   total 187392K, used 141212K [0x0000000080000000, 0x0000000100000000)
  region size 1024K, 48 young (49152K), 3 survivors (3072K)
 Metaspace       used 94224K, capacity 96447K, committed 96984K, reserved 1132544K
  class space    used 12195K, capacity 13034K, committed 13272K, reserved 1048576K
}
Event: 41.895 GC heap after
{Heap after GC invocations=41 (full 0):
 garbage-first heap   total 187392K, used 98526K [0x0000000080000000, 0x0000000100000000)
  region size 1024K, 5 young (5120K), 5 survivors (5120K)
 Metaspace       used 94224K, capacity 96447K, committed 96984K, reserved 1132544K
  class space    used 12195K, capacity 13034K, committed 13272K, reserved 1048576K
}
Event: 42.659 GC heap before
{Heap before GC invocations=42 (full 0):
 garbage-first heap   total 187392K, used 114910K [0x0000000080000000, 0x0000000100000000)
  region size 1024K, 23 young (23552K), 5 survivors (5120K)
 Metaspace       used 95163K, capacity 97429K, committed 97752K, reserved 1134592K
  class space    used 12263K, capacity 13125K, committed 13272K, reserved 1048576K
}
Event: 42.673 GC heap after
{Heap after GC invocations=43 (full 0):
 garbage-first heap   total 187392K, used 99300K [0x0000000080000000, 0x0000000100000000)
  region size 1024K, 4 young (4096K), 4 survivors (4096K)
 Metaspace       used 95163K, capacity 97429K, committed 97752K, reserved 1134592K
  class space    used 12263K, capacity 13125K, committed 13272K, reserved 1048576K
}
Event: 43.672 GC heap before
{Heap before GC invocations=44 (full 0):
 garbage-first heap   total 187392K, used 150500K [0x0000000080000000, 0x0000000100000000)
  region size 1024K, 51 young (52224K), 4 survivors (4096K)
 Metaspace       used 99608K, capacity 102166K, committed 102488K, reserved 1138688K
  class space    used 12901K, capacity 13845K, committed 13912K, reserved 1048576K
}
Event: 43.689 GC heap after
{Heap after GC invocations=45 (full 0):
 garbage-first heap   total 187392K, used 106808K [0x0000000080000000, 0x0000000100000000)
  region size 1024K, 7 young (7168K), 7 survivors (7168K)
 Metaspace       used 99608K, capacity 102166K, committed 102488K, reserved 1138688K
  class space    used 12901K, capacity 13845K, committed 13912K, reserved 1048576K
}
Event: 44.252 GC heap before
{Heap before GC invocations=45 (full 0):
 garbage-first heap   total 187392K, used 149816K [0x0000000080000000, 0x0000000100000000)
  region size 1024K, 49 young (50176K), 7 survivors (7168K)
 Metaspace       used 102688K, capacity 105561K, committed 105688K, reserved 1140736K
  class space    used 13395K, capacity 14545K, committed 14552K, reserved 1048576K
}
Event: 44.288 GC heap after
{Heap after GC invocations=46 (full 0):
 garbage-first heap   total 225280K, used 115204K [0x0000000080000000, 0x0000000100000000)
  region size 1024K, 7 young (7168K), 7 survivors (7168K)
 Metaspace       used 102688K, capacity 105561K, committed 105688K, reserved 1140736K
  class space    used 13395K, capacity 14545K, committed 14552K, reserved 1048576K
}
Event: 45.344 GC heap before
{Heap before GC invocations=47 (full 0):
 garbage-first heap   total 225280K, used 167428K [0x0000000080000000, 0x0000000100000000)
  region size 1024K, 59 young (60416K), 7 survivors (7168K)
 Metaspace       used 107016K, capacity 110173K, committed 110424K, reserved 1144832K
  class space    used 14098K, capacity 15344K, committed 15448K, reserved 1048576K
}
Event: 45.363 GC heap after
{Heap after GC invocations=48 (full 0):
 garbage-first heap   total 225280K, used 118379K [0x0000000080000000, 0x0000000100000000)
  region size 1024K, 3 young (3072K), 3 survivors (3072K)
 Metaspace       used 107016K, capacity 110173K, committed 110424K, reserved 1144832K
  class space    used 14098K, capacity 15344K, committed 15448K, reserved 1048576K
}
Event: 46.068 GC heap before
{Heap before GC invocations=48 (full 0):
 garbage-first heap   total 225280K, used 170603K [0x0000000080000000, 0x0000000100000000)
  region size 1024K, 55 young (56320K), 3 survivors (3072K)
 Metaspace       used 108901K, capacity 112383K, committed 112600K, reserved 1146880K
  class space    used 14364K, capacity 15760K, committed 15832K, reserved 1048576K
}
Event: 46.079 GC heap after
{Heap after GC invocations=49 (full 0):
 garbage-first heap   total 225280K, used 119859K [0x0000000080000000, 0x0000000100000000)
  region size 1024K, 5 young (5120K), 5 survivors (5120K)
 Metaspace       used 108901K, capacity 112383K, committed 112600K, reserved 1146880K
  class space    used 14364K, capacity 15760K, committed 15832K, reserved 1048576K
}
Event: 47.157 GC heap before
{Heap before GC invocations=50 (full 0):
 garbage-first heap   total 225280K, used 167987K [0x0000000080000000, 0x0000000100000000)
  region size 1024K, 54 young (55296K), 5 survivors (5120K)
 Metaspace       used 108771K, capacity 111795K, committed 113112K, reserved 1146880K
  class space    used 14122K, capacity 15311K, committed 15832K, reserved 1048576K
}
Event: 47.171 GC heap after
{Heap after GC invocations=51 (full 0):
 garbage-first heap   total 225280K, used 119715K [0x0000000080000000, 0x0000000100000000)
  region size 1024K, 5 young (5120K), 5 survivors (5120K)
 Metaspace       used 108771K, capacity 111795K, committed 113112K, reserved 1146880K
  class space    used 14122K, capacity 15311K, committed 15832K, reserved 1048576K
}
Event: 47.876 GC heap before
{Heap before GC invocations=52 (full 0):
 garbage-first heap   total 225280K, used 143267K [0x0000000080000000, 0x0000000100000000)
  region size 1024K, 27 young (27648K), 5 survivors (5120K)
 Metaspace       used 109329K, capacity 112429K, committed 113624K, reserved 1146880K
  class space    used 14198K, capacity 15379K, committed 15832K, reserved 1048576K
}
Event: 47.889 GC heap after
{Heap after GC invocations=53 (full 0):
 garbage-first heap   total 225280K, used 118856K [0x0000000080000000, 0x0000000100000000)
  region size 1024K, 4 young (4096K), 4 survivors (4096K)
 Metaspace       used 109329K, capacity 112429K, committed 113624K, reserved 1146880K
  class space    used 14198K, capacity 15379K, committed 15832K, reserved 1048576K
}

